[debug] [2021-09-30T12:45:02.903Z] ----------------------------------------------------------------------
[debug] [2021-09-30T12:45:02.906Z] Command:       C:\Program Files\nodejs\node.exe C:\Users\LENOVO\AppData\Roaming\npm\node_modules\firebase-tools\lib\bin\firebase.js emulators:start
[debug] [2021-09-30T12:45:02.907Z] CLI Version:   9.18.0
[debug] [2021-09-30T12:45:02.908Z] Platform:      win32
[debug] [2021-09-30T12:45:02.908Z] Node Version:  v14.17.3
[debug] [2021-09-30T12:45:02.909Z] Time:          Thu Sep 30 2021 18:15:02 GMT+0530 (India Standard Time)
[debug] [2021-09-30T12:45:02.909Z] ----------------------------------------------------------------------
[debug] 
[debug] [2021-09-30T12:45:02.993Z] > command requires scopes: ["email","openid","https://www.googleapis.com/auth/cloudplatformprojects.readonly","https://www.googleapis.com/auth/firebase","https://www.googleapis.com/auth/cloud-platform"]
[debug] [2021-09-30T12:45:02.993Z] > authorizing via signed-in user (nikhilkumarmishra2@gmail.com)
[info] i  emulators: Starting emulators: functions, hosting {"metadata":{"emulator":{"name":"hub"},"message":"Starting emulators: functions, hosting"}}
[debug] [2021-09-30T12:45:03.011Z] [hub] writing locator at C:\Users\LENOVO\AppData\Local\Temp\hub-challenge-bc1ba.json
[warn] !  functions: The following emulators are not running, calls to these services from the Functions emulator will affect production: auth, firestore, database, pubsub, storage {"metadata":{"emulator":{"name":"functions"},"message":"The following emulators are not running, calls to these services from the Functions emulator will affect production: \u001b[1mauth, firestore, database, pubsub, storage\u001b[22m"}}
[info] +  functions: Using node@14 from host. {"metadata":{"emulator":{"name":"functions"},"message":"Using node@14 from host."}}
[debug] [2021-09-30T12:45:03.102Z] defaultcredentials: writing to file C:\Users\LENOVO\AppData\Roaming\firebase\nikhilkumarmishra2_gmail_com_application_default_credentials.json
[debug] [2021-09-30T12:45:03.104Z] Setting GAC to C:\Users\LENOVO\AppData\Roaming\firebase\nikhilkumarmishra2_gmail_com_application_default_credentials.json {"metadata":{"emulator":{"name":"functions"},"message":"Setting GAC to C:\\Users\\LENOVO\\AppData\\Roaming\\firebase\\nikhilkumarmishra2_gmail_com_application_default_credentials.json"}}
[debug] [2021-09-30T12:45:03.105Z] > refreshing access token with scopes: []
[debug] [2021-09-30T12:45:03.106Z] >>> HTTP REQUEST POST https://www.googleapis.com/oauth2/v3/token  
 <request body omitted>
[debug] [2021-09-30T12:45:20.756Z] Failed to get Admin SDK config for challenge-bc1ba, falling back to cache Failed to get Admin SDK for Firebase project challenge-bc1ba. Please make sure the project exists and your account has permission to access it. {"name":"FirebaseError","children":[],"exit":2,"message":"Failed to get Admin SDK for Firebase project challenge-bc1ba. Please make sure the project exists and your account has permission to access it.","original":{"name":"FirebaseError","children":[],"exit":1,"message":"Authentication Error: Your credentials are no longer valid. Please run \u001b[1mfirebase login --reauth\u001b[22m\n\nFor CI servers and headless environments, generate a new token with \u001b[1mfirebase login:ci\u001b[22m","status":500},"status":500}
[debug] [2021-09-30T12:45:20.763Z] > refreshing access token with scopes: []
[debug] [2021-09-30T12:45:20.763Z] >>> HTTP REQUEST POST https://www.googleapis.com/oauth2/v3/token  
 <request body omitted>
[debug] [2021-09-30T12:45:21.103Z] <<< HTTP RESPONSE 200 {"expires":"Mon, 01 Jan 1990 00:00:00 GMT","cache-control":"no-cache, no-store, max-age=0, must-revalidate","date":"Thu, 30 Sep 2021 12:45:21 GMT","pragma":"no-cache","content-type":"application/json; charset=utf-8","vary":"X-Origin, Referer, Origin,Accept-Encoding","server":"scaffolding on HTTPServer2","x-xss-protection":"0","x-frame-options":"SAMEORIGIN","x-content-type-options":"nosniff","alt-svc":"h3=\":443\"; ma=2592000,h3-29=\":443\"; ma=2592000,h3-T051=\":443\"; ma=2592000,h3-Q050=\":443\"; ma=2592000,h3-Q046=\":443\"; ma=2592000,h3-Q043=\":443\"; ma=2592000,quic=\":443\"; ma=2592000; v=\"46,43\"","accept-ranges":"none","transfer-encoding":"chunked"}
[debug] [2021-09-30T12:45:21.117Z] >>> [apiv2][query] GET https://firebasehosting.googleapis.com/v1beta1/projects/challenge-bc1ba/sites 
[debug] [2021-09-30T12:45:23.134Z] <<< [apiv2][status] GET https://firebasehosting.googleapis.com/v1beta1/projects/challenge-bc1ba/sites 200
[debug] [2021-09-30T12:45:23.135Z] <<< [apiv2][body] GET https://firebasehosting.googleapis.com/v1beta1/projects/challenge-bc1ba/sites {"sites":[{"name":"projects/1069867838513/sites/challenge-bc1ba","defaultUrl":"https://challenge-bc1ba.web.app","appId":"1:1069867838513:web:b99d9333836cab26127910","type":"DEFAULT_SITE"}]}
[debug] [2021-09-30T12:45:23.135Z] >>> [apiv2][query] GET https://firebase.googleapis.com/v1beta1/projects/challenge-bc1ba/webApps/1:1069867838513:web:b99d9333836cab26127910/config [none]
[debug] [2021-09-30T12:45:24.951Z] <<< [apiv2][status] GET https://firebase.googleapis.com/v1beta1/projects/challenge-bc1ba/webApps/1:1069867838513:web:b99d9333836cab26127910/config 200
[debug] [2021-09-30T12:45:24.951Z] <<< [apiv2][body] GET https://firebase.googleapis.com/v1beta1/projects/challenge-bc1ba/webApps/1:1069867838513:web:b99d9333836cab26127910/config {"projectId":"challenge-bc1ba","appId":"1:1069867838513:web:b99d9333836cab26127910","storageBucket":"challenge-bc1ba.appspot.com","apiKey":"AIzaSyD9SsqrLVGKdrvnwa_z6TFLiKS2y8qoXDE","authDomain":"challenge-bc1ba.firebaseapp.com","messagingSenderId":"1069867838513","measurementId":"G-8Q0BG12WNC"}
[info] i  hosting: Serving hosting files from: build {"metadata":{"emulator":{"name":"hosting"},"message":"Serving hosting files from: \u001b[1mbuild\u001b[22m"}}
[info] +  hosting: Local server: http://localhost:5000 {"metadata":{"emulator":{"name":"hosting"},"message":"Local server: \u001b[4m\u001b[1mhttp://localhost:5000\u001b[22m\u001b[24m"}}
[debug] [2021-09-30T12:45:24.976Z] Ignoring unsupported arg: auto_download {"metadata":{"emulator":{"name":"ui"},"message":"Ignoring unsupported arg: auto_download"}}
[debug] [2021-09-30T12:45:24.976Z] Ignoring unsupported arg: port {"metadata":{"emulator":{"name":"ui"},"message":"Ignoring unsupported arg: port"}}
[debug] [2021-09-30T12:45:24.977Z] Starting Emulator UI with command {"binary":"node","args":["C:\\Users\\LENOVO\\.cache\\firebase\\emulators\\ui-v1.6.3\\server.bundle.js"],"optionalArgs":[],"joinArgs":false} {"metadata":{"emulator":{"name":"ui"},"message":"Starting Emulator UI with command {\"binary\":\"node\",\"args\":[\"C:\\\\Users\\\\LENOVO\\\\.cache\\\\firebase\\\\emulators\\\\ui-v1.6.3\\\\server.bundle.js\"],\"optionalArgs\":[],\"joinArgs\":false}"}}
[info] i  ui: Emulator UI logging to ui-debug.log {"metadata":{"emulator":{"name":"ui"},"message":"Emulator UI logging to \u001b[1mui-debug.log\u001b[22m"}}
[debug] [2021-09-30T12:45:25.085Z] Web / API server started at localhost:4000
 {"metadata":{"emulator":{"name":"ui"},"message":"Web / API server started at localhost:4000\n"}}
[info] i  functions: Watching "F:\Clone\Amazon-Clone\amazon-clone\functions" for Cloud Functions... {"metadata":{"emulator":{"name":"functions"},"message":"Watching \"F:\\Clone\\Amazon-Clone\\amazon-clone\\functions\" for Cloud Functions..."}}
[debug] [2021-09-30T12:45:25.250Z] [worker-pool] addWorker(~diagnostic~) {"metadata":{"emulator":{"name":"functions"},"message":"[worker-pool] addWorker(~diagnostic~)"}}
[debug] [2021-09-30T12:45:25.250Z] [worker-pool] Adding worker with key ~diagnostic~, total=1 {"metadata":{"emulator":{"name":"functions"},"message":"[worker-pool] Adding worker with key ~diagnostic~, total=1"}}
[debug] [2021-09-30T12:45:25.250Z] [worker-pool] submitWork(triggerId=) {"metadata":{"emulator":{"name":"functions"},"message":"[worker-pool] submitWork(triggerId=)"}}
[debug] [2021-09-30T12:45:25.251Z] [worker-~diagnostic~-58b7abf3-3fa0-41aa-afad-d11e1a316dfe]: Assigning socketPath: \\?\pipe\F:\Clone\Amazon-Clone\amazon-clone\functions\16020 {"metadata":{"emulator":{"name":"functions"},"message":"[worker-~diagnostic~-58b7abf3-3fa0-41aa-afad-d11e1a316dfe]: Assigning socketPath: \\\\?\\pipe\\F:\\Clone\\Amazon-Clone\\amazon-clone\\functions\\16020"}}
[debug] [2021-09-30T12:45:25.251Z] [worker-~diagnostic~-58b7abf3-3fa0-41aa-afad-d11e1a316dfe]: BUSY {"metadata":{"emulator":{"name":"functions"},"message":"[worker-~diagnostic~-58b7abf3-3fa0-41aa-afad-d11e1a316dfe]: BUSY"}}
[debug] [2021-09-30T12:45:25.672Z] [runtime-status] [16020] Functions runtime initialized. {"cwd":"F:\\Clone\\Amazon-Clone\\amazon-clone\\functions","node_version":"14.17.3"} {"metadata":{"emulator":{"name":"functions"},"message":"[runtime-status] [16020] Functions runtime initialized. {\"cwd\":\"F:\\\\Clone\\\\Amazon-Clone\\\\amazon-clone\\\\functions\",\"node_version\":\"14.17.3\"}"}}
[debug] [2021-09-30T12:45:25.675Z] [runtime-status] [16020] Disabled runtime features: undefined {"metadata":{"emulator":{"name":"functions"},"message":"[runtime-status] [16020] Disabled runtime features: undefined"}}
[debug] [2021-09-30T12:45:25.678Z] [runtime-status] [16020] Resolved module firebase-admin {"declared":true,"installed":true,"version":"9.12.0","resolution":"F:\\Clone\\Amazon-Clone\\amazon-clone\\functions\\node_modules\\firebase-admin\\lib\\index.js"} {"metadata":{"emulator":{"name":"functions"},"message":"[runtime-status] [16020] Resolved module firebase-admin {\"declared\":true,\"installed\":true,\"version\":\"9.12.0\",\"resolution\":\"F:\\\\Clone\\\\Amazon-Clone\\\\amazon-clone\\\\functions\\\\node_modules\\\\firebase-admin\\\\lib\\\\index.js\"}"}}
[debug] [2021-09-30T12:45:25.683Z] [runtime-status] [16020] Resolved module firebase-functions {"declared":true,"installed":true,"version":"3.15.7","resolution":"F:\\Clone\\Amazon-Clone\\amazon-clone\\functions\\node_modules\\firebase-functions\\lib\\index.js"} {"metadata":{"emulator":{"name":"functions"},"message":"[runtime-status] [16020] Resolved module firebase-functions {\"declared\":true,\"installed\":true,\"version\":\"3.15.7\",\"resolution\":\"F:\\\\Clone\\\\Amazon-Clone\\\\amazon-clone\\\\functions\\\\node_modules\\\\firebase-functions\\\\lib\\\\index.js\"}"}}
[debug] [2021-09-30T12:45:25.685Z] [runtime-status] [16020] Resolved module firebase-functions {"declared":true,"installed":true,"version":"3.15.7","resolution":"F:\\Clone\\Amazon-Clone\\amazon-clone\\functions\\node_modules\\firebase-functions\\lib\\index.js"} {"metadata":{"emulator":{"name":"functions"},"message":"[runtime-status] [16020] Resolved module firebase-functions {\"declared\":true,\"installed\":true,\"version\":\"3.15.7\",\"resolution\":\"F:\\\\Clone\\\\Amazon-Clone\\\\amazon-clone\\\\functions\\\\node_modules\\\\firebase-functions\\\\lib\\\\index.js\"}"}}
[debug] [2021-09-30T12:45:25.687Z] [runtime-status] [16020] Outgoing network have been stubbed. [{"name":"http","status":"mocked"},{"name":"http","status":"mocked"},{"name":"https","status":"mocked"},{"name":"https","status":"mocked"},{"name":"net","status":"mocked"}] {"metadata":{"emulator":{"name":"functions"},"message":"[runtime-status] [16020] Outgoing network have been stubbed. [{\"name\":\"http\",\"status\":\"mocked\"},{\"name\":\"http\",\"status\":\"mocked\"},{\"name\":\"https\",\"status\":\"mocked\"},{\"name\":\"https\",\"status\":\"mocked\"},{\"name\":\"net\",\"status\":\"mocked\"}]"}}
[debug] [2021-09-30T12:45:25.688Z] [runtime-status] [16020] Resolved module firebase-functions {"declared":true,"installed":true,"version":"3.15.7","resolution":"F:\\Clone\\Amazon-Clone\\amazon-clone\\functions\\node_modules\\firebase-functions\\lib\\index.js"} {"metadata":{"emulator":{"name":"functions"},"message":"[runtime-status] [16020] Resolved module firebase-functions {\"declared\":true,\"installed\":true,\"version\":\"3.15.7\",\"resolution\":\"F:\\\\Clone\\\\Amazon-Clone\\\\amazon-clone\\\\functions\\\\node_modules\\\\firebase-functions\\\\lib\\\\index.js\"}"}}
[debug] [2021-09-30T12:45:25.755Z] [runtime-status] [16020] Checked functions.config() {"config":{}} {"metadata":{"emulator":{"name":"functions"},"message":"[runtime-status] [16020] Checked functions.config() {\"config\":{}}"}}
[debug] [2021-09-30T12:45:25.756Z] [runtime-status] [16020] firebase-functions has been stubbed. {"functionsResolution":{"declared":true,"installed":true,"version":"3.15.7","resolution":"F:\\Clone\\Amazon-Clone\\amazon-clone\\functions\\node_modules\\firebase-functions\\lib\\index.js"}} {"metadata":{"emulator":{"name":"functions"},"message":"[runtime-status] [16020] firebase-functions has been stubbed. {\"functionsResolution\":{\"declared\":true,\"installed\":true,\"version\":\"3.15.7\",\"resolution\":\"F:\\\\Clone\\\\Amazon-Clone\\\\amazon-clone\\\\functions\\\\node_modules\\\\firebase-functions\\\\lib\\\\index.js\"}}"}}
[debug] [2021-09-30T12:45:25.756Z] [runtime-status] [16020] Resolved module firebase-functions {"declared":true,"installed":true,"version":"3.15.7","resolution":"F:\\Clone\\Amazon-Clone\\amazon-clone\\functions\\node_modules\\firebase-functions\\lib\\index.js"} {"metadata":{"emulator":{"name":"functions"},"message":"[runtime-status] [16020] Resolved module firebase-functions {\"declared\":true,\"installed\":true,\"version\":\"3.15.7\",\"resolution\":\"F:\\\\Clone\\\\Amazon-Clone\\\\amazon-clone\\\\functions\\\\node_modules\\\\firebase-functions\\\\lib\\\\index.js\"}"}}
[debug] [2021-09-30T12:45:25.756Z] [runtime-status] [16020] Resolved module firebase-admin {"declared":true,"installed":true,"version":"9.12.0","resolution":"F:\\Clone\\Amazon-Clone\\amazon-clone\\functions\\node_modules\\firebase-admin\\lib\\index.js"} {"metadata":{"emulator":{"name":"functions"},"message":"[runtime-status] [16020] Resolved module firebase-admin {\"declared\":true,\"installed\":true,\"version\":\"9.12.0\",\"resolution\":\"F:\\\\Clone\\\\Amazon-Clone\\\\amazon-clone\\\\functions\\\\node_modules\\\\firebase-admin\\\\lib\\\\index.js\"}"}}
[debug] [2021-09-30T12:45:25.757Z] [runtime-status] [16020] Resolved module firebase-functions {"declared":true,"installed":true,"version":"3.15.7","resolution":"F:\\Clone\\Amazon-Clone\\amazon-clone\\functions\\node_modules\\firebase-functions\\lib\\index.js"} {"metadata":{"emulator":{"name":"functions"},"message":"[runtime-status] [16020] Resolved module firebase-functions {\"declared\":true,\"installed\":true,\"version\":\"3.15.7\",\"resolution\":\"F:\\\\Clone\\\\Amazon-Clone\\\\amazon-clone\\\\functions\\\\node_modules\\\\firebase-functions\\\\lib\\\\index.js\"}"}}
[debug] [2021-09-30T12:45:25.757Z] [runtime-status] [16020] firebase-admin has been stubbed. {"adminResolution":{"declared":true,"installed":true,"version":"9.12.0","resolution":"F:\\Clone\\Amazon-Clone\\amazon-clone\\functions\\node_modules\\firebase-admin\\lib\\index.js"}} {"metadata":{"emulator":{"name":"functions"},"message":"[runtime-status] [16020] firebase-admin has been stubbed. {\"adminResolution\":{\"declared\":true,\"installed\":true,\"version\":\"9.12.0\",\"resolution\":\"F:\\\\Clone\\\\Amazon-Clone\\\\amazon-clone\\\\functions\\\\node_modules\\\\firebase-admin\\\\lib\\\\index.js\"}}"}}
[info] +  functions[us-central1-api]: http function initialized (http://localhost:5001/challenge-bc1ba/us-central1/api). {"metadata":{"emulator":{"name":"functions"},"message":"\u001b[1mhttp\u001b[22m function initialized (http://localhost:5001/challenge-bc1ba/us-central1/api)."}}
[info] 
┌─────────────────────────────────────────────────────────────┐
│ ✔  All emulators ready! It is now safe to connect your app. │
│ i  View Emulator UI at http://localhost:4000                │
└─────────────────────────────────────────────────────────────┘

┌───────────┬────────────────┬─────────────────────────────────┐
│ Emulator  │ Host:Port      │ View in Emulator UI             │
├───────────┼────────────────┼─────────────────────────────────┤
│ Functions │ localhost:5001 │ http://localhost:4000/functions │
├───────────┼────────────────┼─────────────────────────────────┤
│ Hosting   │ localhost:5000 │ n/a                             │
└───────────┴────────────────┴─────────────────────────────────┘
  Emulator Hub running at localhost:4400
  Other reserved ports: 4500

Issues? Report them at https://github.com/firebase/firebase-tools/issues and attach the *-debug.log files.
 
[debug] [2021-09-30T12:45:25.974Z] [worker-~diagnostic~-58b7abf3-3fa0-41aa-afad-d11e1a316dfe]: IDLE {"metadata":{"emulator":{"name":"functions"},"message":"[worker-~diagnostic~-58b7abf3-3fa0-41aa-afad-d11e1a316dfe]: IDLE"}}
